<!DOCTYPE html>

<html>
  <head>
  <meta charset='utf-8'>
  <title>TestNG reports</title>

    <link type="text/css" href="testng-reports1.css" rel="stylesheet" id="ultra" />
    <link type="text/css" href="testng-reports.css" rel="stylesheet" id="retro" disabled="false"/>
    <script type="text/javascript" src="jquery-3.6.0.min.js"></script>
    <script type="text/javascript" src="testng-reports.js"></script>
    <script type="text/javascript" src="https://www.google.com/jsapi"></script>
    <script type='text/javascript'>
      google.load('visualization', '1', {packages:['table']});
      google.setOnLoadCallback(drawTable);
      var suiteTableInitFunctions = new Array();
      var suiteTableData = new Array();
    </script>
    <!--
      <script type="text/javascript" src="jquery-ui/js/jquery-ui-1.8.16.custom.min.js"></script>
     -->
  </head>

  <body>    <div class="top-banner-root">
      <span class="top-banner-title-font">Test results</span>
      <button id="button" class="button">Switch Retro Theme</button> <!-- button -->
      <br/>
      <span class="top-banner-font-1">1 suite, 2 failed tests</span>
    </div> <!-- top-banner-root -->
    <div class="navigator-root">
      <div class="navigator-suite-header">
        <span>All suites</span>
        <a href="#" title="Collapse/expand all the suites" class="collapse-all-link">
          <img src="collapseall.gif" class="collapse-all-icon">
          </img> <!-- collapse-all-icon -->
        </a> <!-- collapse-all-link -->
      </div> <!-- navigator-suite-header -->
      <div class="suite">
        <div class="rounded-window">
          <div class="suite-header light-rounded-window-top">
            <a href="#" panel-name="suite-Open_Cart_Regression_Test_Suite" class="navigator-link">
              <span class="suite-name border-failed">Open Cart Regression Test Suite</span>
            </a> <!-- navigator-link -->
          </div> <!-- suite-header light-rounded-window-top -->
          <div class="navigator-suite-content">
            <div class="suite-section-title">
              <span>Info</span>
            </div> <!-- suite-section-title -->
            <div class="suite-section-content">
              <ul>
                <li>
                  <a href="#" panel-name="test-xml-Open_Cart_Regression_Test_Suite" class="navigator-link ">
                    <span>testng.xml</span>
                  </a> <!-- navigator-link  -->
                </li>
                <li>
                  <a href="#" panel-name="testlist-Open_Cart_Regression_Test_Suite" class="navigator-link ">
                    <span class="test-stats">4 tests</span>
                  </a> <!-- navigator-link  -->
                </li>
                <li>
                  <a href="#" panel-name="group-Open_Cart_Regression_Test_Suite" class="navigator-link ">
                    <span>0 groups</span>
                  </a> <!-- navigator-link  -->
                </li>
                <li>
                  <a href="#" panel-name="times-Open_Cart_Regression_Test_Suite" class="navigator-link ">
                    <span>Times</span>
                  </a> <!-- navigator-link  -->
                </li>
                <li>
                  <a href="#" panel-name="reporter-Open_Cart_Regression_Test_Suite" class="navigator-link ">
                    <span>Reporter output</span>
                  </a> <!-- navigator-link  -->
                </li>
                <li>
                  <a href="#" panel-name="ignored-methods-Open_Cart_Regression_Test_Suite" class="navigator-link ">
                    <span>Ignored methods</span>
                  </a> <!-- navigator-link  -->
                </li>
                <li>
                  <a href="#" panel-name="chronological-Open_Cart_Regression_Test_Suite" class="navigator-link ">
                    <span>Chronological view</span>
                  </a> <!-- navigator-link  -->
                </li>
              </ul>
            </div> <!-- suite-section-content -->
            <div class="result-section">
              <div class="suite-section-title">
                <span>Results</span>
              </div> <!-- suite-section-title -->
              <div class="suite-section-content">
                <ul>
                  <li>
                    <span class="method-stats">16 methods, 2 failed,   14 passed</span>
                  </li>
                  <li>
                    <span class="method-list-title failed">Failed methods</span>
                    <span class="show-or-hide-methods failed">
                      <a href="#" panel-name="suite-Open_Cart_Regression_Test_Suite" class="hide-methods failed suite-Open_Cart_Regression_Test_Suite"> (hide)</a> <!-- hide-methods failed suite-Open_Cart_Regression_Test_Suite -->
                      <a href="#" panel-name="suite-Open_Cart_Regression_Test_Suite" class="show-methods failed suite-Open_Cart_Regression_Test_Suite"> (show)</a> <!-- show-methods failed suite-Open_Cart_Regression_Test_Suite -->
                    </span>
                    <div class="method-list-content failed suite-Open_Cart_Regression_Test_Suite">
                      <span>
                        <img src="failed.png" width="3%"/>
                        <a href="#" panel-name="suite-Open_Cart_Regression_Test_Suite" title="com.qa.opencart.test.LoginPageTest" class="method navigator-link" hash-for-method="doLoginTest">doLoginTest</a> <!-- method navigator-link -->
                      </span>
                      <br/>
                      <span>
                        <img src="failed.png" width="3%"/>
                        <a href="#" panel-name="suite-Open_Cart_Regression_Test_Suite" title="com.qa.opencart.test.LoginPageTest" class="method navigator-link" hash-for-method="doLoginTest">doLoginTest</a> <!-- method navigator-link -->
                      </span>
                      <br/>
                    </div> <!-- method-list-content failed suite-Open_Cart_Regression_Test_Suite -->
                  </li>
                  <li>
                    <span class="method-list-title passed">Passed methods</span>
                    <span class="show-or-hide-methods passed">
                      <a href="#" panel-name="suite-Open_Cart_Regression_Test_Suite" class="hide-methods passed suite-Open_Cart_Regression_Test_Suite"> (hide)</a> <!-- hide-methods passed suite-Open_Cart_Regression_Test_Suite -->
                      <a href="#" panel-name="suite-Open_Cart_Regression_Test_Suite" class="show-methods passed suite-Open_Cart_Regression_Test_Suite"> (show)</a> <!-- show-methods passed suite-Open_Cart_Regression_Test_Suite -->
                    </span>
                    <div class="method-list-content passed suite-Open_Cart_Regression_Test_Suite">
                      <span>
                        <img src="passed.png" width="3%"/>
                        <a href="#" panel-name="suite-Open_Cart_Regression_Test_Suite" title="com.qa.opencart.test.LoginPageTest" class="method navigator-link" hash-for-method="isForgotPasswordLinkExist">isForgotPasswordLinkExist</a> <!-- method navigator-link -->
                      </span>
                      <br/>
                      <span>
                        <img src="passed.png" width="3%"/>
                        <a href="#" panel-name="suite-Open_Cart_Regression_Test_Suite" title="com.qa.opencart.test.LoginPageTest" class="method navigator-link" hash-for-method="isForgotPasswordLinkExist">isForgotPasswordLinkExist</a> <!-- method navigator-link -->
                      </span>
                      <br/>
                      <span>
                        <img src="passed.png" width="3%"/>
                        <a href="#" panel-name="suite-Open_Cart_Regression_Test_Suite" title="com.qa.opencart.test.LoginPageTest" class="method navigator-link" hash-for-method="loginPageNavigationTest">loginPageNavigationTest</a> <!-- method navigator-link -->
                      </span>
                      <br/>
                      <span>
                        <img src="passed.png" width="3%"/>
                        <a href="#" panel-name="suite-Open_Cart_Regression_Test_Suite" title="com.qa.opencart.test.LoginPageTest" class="method navigator-link" hash-for-method="loginPageNavigationTest">loginPageNavigationTest</a> <!-- method navigator-link -->
                      </span>
                      <br/>
                      <span>
                        <img src="passed.png" width="3%"/>
                        <a href="#" panel-name="suite-Open_Cart_Regression_Test_Suite" title="com.qa.opencart.test.HomePageTest" class="method navigator-link" hash-for-method="verifySearchTest(Samsung)">verifySearchTest(Samsung)</a> <!-- method navigator-link -->
                      </span>
                      <br/>
                      <span>
                        <img src="passed.png" width="3%"/>
                        <a href="#" panel-name="suite-Open_Cart_Regression_Test_Suite" title="com.qa.opencart.test.HomePageTest" class="method navigator-link" hash-for-method="verifySearchTest(Macbook)">verifySearchTest(Macbook)</a> <!-- method navigator-link -->
                      </span>
                      <br/>
                      <span>
                        <img src="passed.png" width="3%"/>
                        <a href="#" panel-name="suite-Open_Cart_Regression_Test_Suite" title="com.qa.opencart.test.HomePageTest" class="method navigator-link" hash-for-method="verifySearchTest(iMac)">verifySearchTest(iMac)</a> <!-- method navigator-link -->
                      </span>
                      <br/>
                      <span>
                        <img src="passed.png" width="3%"/>
                        <a href="#" panel-name="suite-Open_Cart_Regression_Test_Suite" title="com.qa.opencart.test.HomePageTest" class="method navigator-link" hash-for-method="verifySearchTest(Samsung)">verifySearchTest(Samsung)</a> <!-- method navigator-link -->
                      </span>
                      <br/>
                      <span>
                        <img src="passed.png" width="3%"/>
                        <a href="#" panel-name="suite-Open_Cart_Regression_Test_Suite" title="com.qa.opencart.test.HomePageTest" class="method navigator-link" hash-for-method="verifySearchTest(iMac)">verifySearchTest(iMac)</a> <!-- method navigator-link -->
                      </span>
                      <br/>
                      <span>
                        <img src="passed.png" width="3%"/>
                        <a href="#" panel-name="suite-Open_Cart_Regression_Test_Suite" title="com.qa.opencart.test.HomePageTest" class="method navigator-link" hash-for-method="verifySearchTest(Macbook)">verifySearchTest(Macbook)</a> <!-- method navigator-link -->
                      </span>
                      <br/>
                      <span>
                        <img src="passed.png" width="3%"/>
                        <a href="#" panel-name="suite-Open_Cart_Regression_Test_Suite" title="com.qa.opencart.test.HomePageTest" class="method navigator-link" hash-for-method="verifyTitleTest">verifyTitleTest</a> <!-- method navigator-link -->
                      </span>
                      <br/>
                      <span>
                        <img src="passed.png" width="3%"/>
                        <a href="#" panel-name="suite-Open_Cart_Regression_Test_Suite" title="com.qa.opencart.test.HomePageTest" class="method navigator-link" hash-for-method="verifyTitleTest">verifyTitleTest</a> <!-- method navigator-link -->
                      </span>
                      <br/>
                      <span>
                        <img src="passed.png" width="3%"/>
                        <a href="#" panel-name="suite-Open_Cart_Regression_Test_Suite" title="com.qa.opencart.test.HomePageTest" class="method navigator-link" hash-for-method="verifyUrlTest">verifyUrlTest</a> <!-- method navigator-link -->
                      </span>
                      <br/>
                      <span>
                        <img src="passed.png" width="3%"/>
                        <a href="#" panel-name="suite-Open_Cart_Regression_Test_Suite" title="com.qa.opencart.test.HomePageTest" class="method navigator-link" hash-for-method="verifyUrlTest">verifyUrlTest</a> <!-- method navigator-link -->
                      </span>
                      <br/>
                    </div> <!-- method-list-content passed suite-Open_Cart_Regression_Test_Suite -->
                  </li>
                </ul>
              </div> <!-- suite-section-content -->
            </div> <!-- result-section -->
          </div> <!-- navigator-suite-content -->
        </div> <!-- rounded-window -->
      </div> <!-- suite -->
    </div> <!-- navigator-root -->
    <div class="wrapper">
      <div class="main-panel-root">
        <div panel-name="suite-Open_Cart_Regression_Test_Suite" class="panel Open_Cart_Regression_Test_Suite">
          <div class="suite-Open_Cart_Regression_Test_Suite-class-failed">
            <div class="main-panel-header rounded-window-top">
              <img src="failed.png"/>
              <span class="class-name">com.qa.opencart.test.LoginPageTest</span>
            </div> <!-- main-panel-header rounded-window-top -->
            <div class="main-panel-content rounded-window-bottom">
              <div class="method">
                <div class="method-content">
                  <a name="doLoginTest">
                  </a> <!-- doLoginTest -->
                  <span class="method-name">doLoginTest</span>
                  <div class="stack-trace">java.lang.AssertionError: expected [true] but found [false]
	at com.qa.opencart.test.LoginPageTest.doLoginTest(LoginPageTest.java:35)
	at java.base/java.util.ArrayList.forEach(ArrayList.java:1541)
	at java.base/java.util.concurrent.FutureTask.run(FutureTask.java:264)
	at java.base/java.util.concurrent.ThreadPoolExecutor.runWorker(ThreadPoolExecutor.java:1128)
	at java.base/java.util.concurrent.ThreadPoolExecutor$Worker.run(ThreadPoolExecutor.java:628)
	at java.base/java.lang.Thread.run(Thread.java:834)
... Removed 21 stack frames
</div> <!-- stack-trace -->
                </div> <!-- method-content -->
              </div> <!-- method -->
              <div class="method">
                <div class="method-content">
                  <a name="doLoginTest">
                  </a> <!-- doLoginTest -->
                  <span class="method-name">doLoginTest</span>
                  <div class="stack-trace">java.lang.AssertionError: expected [true] but found [false]
	at com.qa.opencart.test.LoginPageTest.doLoginTest(LoginPageTest.java:35)
	at java.base/java.util.ArrayList.forEach(ArrayList.java:1541)
	at java.base/java.util.concurrent.FutureTask.run(FutureTask.java:264)
	at java.base/java.util.concurrent.ThreadPoolExecutor.runWorker(ThreadPoolExecutor.java:1128)
	at java.base/java.util.concurrent.ThreadPoolExecutor$Worker.run(ThreadPoolExecutor.java:628)
	at java.base/java.lang.Thread.run(Thread.java:834)
... Removed 21 stack frames
</div> <!-- stack-trace -->
                </div> <!-- method-content -->
              </div> <!-- method -->
            </div> <!-- main-panel-content rounded-window-bottom -->
          </div> <!-- suite-Open_Cart_Regression_Test_Suite-class-failed -->
          <div class="suite-Open_Cart_Regression_Test_Suite-class-passed">
            <div class="main-panel-header rounded-window-top">
              <img src="passed.png"/>
              <span class="class-name">com.qa.opencart.test.HomePageTest</span>
            </div> <!-- main-panel-header rounded-window-top -->
            <div class="main-panel-content rounded-window-bottom">
              <div class="method">
                <div class="method-content">
                  <a name="verifySearchTest(Samsung)">
                  </a> <!-- verifySearchTest(Samsung) -->
                  <span class="method-name">verifySearchTest</span>
                  <span class="parameters">(Samsung)</span>
                </div> <!-- method-content -->
              </div> <!-- method -->
              <div class="method">
                <div class="method-content">
                  <a name="verifySearchTest(Macbook)">
                  </a> <!-- verifySearchTest(Macbook) -->
                  <span class="method-name">verifySearchTest</span>
                  <span class="parameters">(Macbook)</span>
                </div> <!-- method-content -->
              </div> <!-- method -->
              <div class="method">
                <div class="method-content">
                  <a name="verifySearchTest(iMac)">
                  </a> <!-- verifySearchTest(iMac) -->
                  <span class="method-name">verifySearchTest</span>
                  <span class="parameters">(iMac)</span>
                </div> <!-- method-content -->
              </div> <!-- method -->
              <div class="method">
                <div class="method-content">
                  <a name="verifySearchTest(Samsung)">
                  </a> <!-- verifySearchTest(Samsung) -->
                  <span class="method-name">verifySearchTest</span>
                  <span class="parameters">(Samsung)</span>
                </div> <!-- method-content -->
              </div> <!-- method -->
              <div class="method">
                <div class="method-content">
                  <a name="verifySearchTest(iMac)">
                  </a> <!-- verifySearchTest(iMac) -->
                  <span class="method-name">verifySearchTest</span>
                  <span class="parameters">(iMac)</span>
                </div> <!-- method-content -->
              </div> <!-- method -->
              <div class="method">
                <div class="method-content">
                  <a name="verifySearchTest(Macbook)">
                  </a> <!-- verifySearchTest(Macbook) -->
                  <span class="method-name">verifySearchTest</span>
                  <span class="parameters">(Macbook)</span>
                </div> <!-- method-content -->
              </div> <!-- method -->
              <div class="method">
                <div class="method-content">
                  <a name="verifyTitleTest">
                  </a> <!-- verifyTitleTest -->
                  <span class="method-name">verifyTitleTest</span>
                </div> <!-- method-content -->
              </div> <!-- method -->
              <div class="method">
                <div class="method-content">
                  <a name="verifyTitleTest">
                  </a> <!-- verifyTitleTest -->
                  <span class="method-name">verifyTitleTest</span>
                </div> <!-- method-content -->
              </div> <!-- method -->
              <div class="method">
                <div class="method-content">
                  <a name="verifyUrlTest">
                  </a> <!-- verifyUrlTest -->
                  <span class="method-name">verifyUrlTest</span>
                </div> <!-- method-content -->
              </div> <!-- method -->
              <div class="method">
                <div class="method-content">
                  <a name="verifyUrlTest">
                  </a> <!-- verifyUrlTest -->
                  <span class="method-name">verifyUrlTest</span>
                </div> <!-- method-content -->
              </div> <!-- method -->
            </div> <!-- main-panel-content rounded-window-bottom -->
          </div> <!-- suite-Open_Cart_Regression_Test_Suite-class-passed -->
          <div class="suite-Open_Cart_Regression_Test_Suite-class-passed">
            <div class="main-panel-header rounded-window-top">
              <img src="passed.png"/>
              <span class="class-name">com.qa.opencart.test.LoginPageTest</span>
            </div> <!-- main-panel-header rounded-window-top -->
            <div class="main-panel-content rounded-window-bottom">
              <div class="method">
                <div class="method-content">
                  <a name="isForgotPasswordLinkExist">
                  </a> <!-- isForgotPasswordLinkExist -->
                  <span class="method-name">isForgotPasswordLinkExist</span>
                </div> <!-- method-content -->
              </div> <!-- method -->
              <div class="method">
                <div class="method-content">
                  <a name="isForgotPasswordLinkExist">
                  </a> <!-- isForgotPasswordLinkExist -->
                  <span class="method-name">isForgotPasswordLinkExist</span>
                </div> <!-- method-content -->
              </div> <!-- method -->
              <div class="method">
                <div class="method-content">
                  <a name="loginPageNavigationTest">
                  </a> <!-- loginPageNavigationTest -->
                  <span class="method-name">loginPageNavigationTest</span>
                </div> <!-- method-content -->
              </div> <!-- method -->
              <div class="method">
                <div class="method-content">
                  <a name="loginPageNavigationTest">
                  </a> <!-- loginPageNavigationTest -->
                  <span class="method-name">loginPageNavigationTest</span>
                </div> <!-- method-content -->
              </div> <!-- method -->
            </div> <!-- main-panel-content rounded-window-bottom -->
          </div> <!-- suite-Open_Cart_Regression_Test_Suite-class-passed -->
        </div> <!-- panel Open_Cart_Regression_Test_Suite -->
        <div panel-name="test-xml-Open_Cart_Regression_Test_Suite" class="panel">
          <div class="main-panel-header rounded-window-top">
            <span class="header-content">/Users/aishwaryasahoo/IdeaProjects/PlaywrightPOMSeries/testrunners/testng.xml</span>
          </div> <!-- main-panel-header rounded-window-top -->
          <div class="main-panel-content rounded-window-bottom">
            <pre>
&lt;?xml version=&quot;1.0&quot; encoding=&quot;UTF-8&quot;?&gt;
&lt;!DOCTYPE suite SYSTEM &quot;https://testng.org/testng-1.0.dtd&quot;&gt;
&lt;suite thread-count=&quot;4&quot; parallel=&quot;tests&quot; name=&quot;Open Cart Regression Test Suite&quot; guice-stage=&quot;DEVELOPMENT&quot; verbose=&quot;0&quot;&gt;
  &lt;parameter name=&quot;browser&quot; value=&quot;edge&quot;/&gt;
  &lt;listeners&gt;
    &lt;listener class-name=&quot;io.qameta.allure.testng.AllureTestNg&quot;/&gt;
  &lt;/listeners&gt;
  &lt;test thread-count=&quot;4&quot; parallel=&quot;tests&quot; name=&quot;Open cart Home page Test on chrome&quot; verbose=&quot;0&quot;&gt;
    &lt;classes&gt;
      &lt;class name=&quot;com.qa.opencart.test.HomePageTest&quot;/&gt;
    &lt;/classes&gt;
  &lt;/test&gt; &lt;!-- Open cart Home page Test on chrome --&gt;
  &lt;test thread-count=&quot;4&quot; parallel=&quot;tests&quot; name=&quot;Open cart Home page Test on firefox&quot; verbose=&quot;0&quot;&gt;
    &lt;classes&gt;
      &lt;class name=&quot;com.qa.opencart.test.LoginPageTest&quot;/&gt;
    &lt;/classes&gt;
  &lt;/test&gt; &lt;!-- Open cart Home page Test on firefox --&gt;
  &lt;test thread-count=&quot;4&quot; parallel=&quot;tests&quot; name=&quot;Open cart Home page Test on chromium&quot; verbose=&quot;0&quot;&gt;
    &lt;classes&gt;
      &lt;class name=&quot;com.qa.opencart.test.HomePageTest&quot;/&gt;
    &lt;/classes&gt;
  &lt;/test&gt; &lt;!-- Open cart Home page Test on chromium --&gt;
  &lt;test thread-count=&quot;4&quot; parallel=&quot;tests&quot; name=&quot;Open cart Home page Test on msedge&quot; verbose=&quot;0&quot;&gt;
    &lt;classes&gt;
      &lt;class name=&quot;com.qa.opencart.test.LoginPageTest&quot;/&gt;
    &lt;/classes&gt;
  &lt;/test&gt; &lt;!-- Open cart Home page Test on msedge --&gt;
&lt;/suite&gt; &lt;!-- Open Cart Regression Test Suite --&gt;
            </pre>
          </div> <!-- main-panel-content rounded-window-bottom -->
        </div> <!-- panel -->
        <div panel-name="testlist-Open_Cart_Regression_Test_Suite" class="panel">
          <div class="main-panel-header rounded-window-top">
            <span class="header-content">Tests for Open Cart Regression Test Suite</span>
          </div> <!-- main-panel-header rounded-window-top -->
          <div class="main-panel-content rounded-window-bottom">
            <ul>
              <li>
                <span class="test-name">Open cart Home page Test on chrome (1 class)</span>
              </li>
              <li>
                <span class="test-name">Open cart Home page Test on firefox (1 class)</span>
              </li>
              <li>
                <span class="test-name">Open cart Home page Test on chromium (1 class)</span>
              </li>
              <li>
                <span class="test-name">Open cart Home page Test on msedge (1 class)</span>
              </li>
            </ul>
          </div> <!-- main-panel-content rounded-window-bottom -->
        </div> <!-- panel -->
        <div panel-name="group-Open_Cart_Regression_Test_Suite" class="panel">
          <div class="main-panel-header rounded-window-top">
            <span class="header-content">Groups for Open Cart Regression Test Suite</span>
          </div> <!-- main-panel-header rounded-window-top -->
          <div class="main-panel-content rounded-window-bottom">
          </div> <!-- main-panel-content rounded-window-bottom -->
        </div> <!-- panel -->
        <div panel-name="times-Open_Cart_Regression_Test_Suite" class="panel">
          <div class="main-panel-header rounded-window-top">
            <span class="header-content">Times for Open Cart Regression Test Suite</span>
          </div> <!-- main-panel-header rounded-window-top -->
          <div class="main-panel-content rounded-window-bottom">
            <div class="times-div">
              <script type="text/javascript">
suiteTableInitFunctions.push('tableData_Open_Cart_Regression_Test_Suite');
function tableData_Open_Cart_Regression_Test_Suite() {
var data = new google.visualization.DataTable();
data.addColumn('number', 'Number');
data.addColumn('string', 'Method');
data.addColumn('string', 'Class');
data.addColumn('number', 'Time (ms)');
data.addRows(16);
data.setCell(0, 0, 0)
data.setCell(0, 1, 'verifySearchTest')
data.setCell(0, 2, 'com.qa.opencart.test.HomePageTest')
data.setCell(0, 3, 2005);
data.setCell(1, 0, 1)
data.setCell(1, 1, 'verifySearchTest')
data.setCell(1, 2, 'com.qa.opencart.test.HomePageTest')
data.setCell(1, 3, 1949);
data.setCell(2, 0, 2)
data.setCell(2, 1, 'loginPageNavigationTest')
data.setCell(2, 2, 'com.qa.opencart.test.LoginPageTest')
data.setCell(2, 3, 1948);
data.setCell(3, 0, 3)
data.setCell(3, 1, 'verifySearchTest')
data.setCell(3, 2, 'com.qa.opencart.test.HomePageTest')
data.setCell(3, 3, 1869);
data.setCell(4, 0, 4)
data.setCell(4, 1, 'verifySearchTest')
data.setCell(4, 2, 'com.qa.opencart.test.HomePageTest')
data.setCell(4, 3, 1792);
data.setCell(5, 0, 5)
data.setCell(5, 1, 'doLoginTest')
data.setCell(5, 2, 'com.qa.opencart.test.LoginPageTest')
data.setCell(5, 3, 1250);
data.setCell(6, 0, 6)
data.setCell(6, 1, 'doLoginTest')
data.setCell(6, 2, 'com.qa.opencart.test.LoginPageTest')
data.setCell(6, 3, 1043);
data.setCell(7, 0, 7)
data.setCell(7, 1, 'verifySearchTest')
data.setCell(7, 2, 'com.qa.opencart.test.HomePageTest')
data.setCell(7, 3, 948);
data.setCell(8, 0, 8)
data.setCell(8, 1, 'loginPageNavigationTest')
data.setCell(8, 2, 'com.qa.opencart.test.LoginPageTest')
data.setCell(8, 3, 899);
data.setCell(9, 0, 9)
data.setCell(9, 1, 'verifySearchTest')
data.setCell(9, 2, 'com.qa.opencart.test.HomePageTest')
data.setCell(9, 3, 865);
data.setCell(10, 0, 10)
data.setCell(10, 1, 'verifyTitleTest')
data.setCell(10, 2, 'com.qa.opencart.test.HomePageTest')
data.setCell(10, 3, 300);
data.setCell(11, 0, 11)
data.setCell(11, 1, 'verifyTitleTest')
data.setCell(11, 2, 'com.qa.opencart.test.HomePageTest')
data.setCell(11, 3, 298);
data.setCell(12, 0, 12)
data.setCell(12, 1, 'verifyUrlTest')
data.setCell(12, 2, 'com.qa.opencart.test.HomePageTest')
data.setCell(12, 3, 154);
data.setCell(13, 0, 13)
data.setCell(13, 1, 'isForgotPasswordLinkExist')
data.setCell(13, 2, 'com.qa.opencart.test.LoginPageTest')
data.setCell(13, 3, 141);
data.setCell(14, 0, 14)
data.setCell(14, 1, 'verifyUrlTest')
data.setCell(14, 2, 'com.qa.opencart.test.HomePageTest')
data.setCell(14, 3, 83);
data.setCell(15, 0, 15)
data.setCell(15, 1, 'isForgotPasswordLinkExist')
data.setCell(15, 2, 'com.qa.opencart.test.LoginPageTest')
data.setCell(15, 3, 57);
window.suiteTableData['Open_Cart_Regression_Test_Suite']= { tableData: data, tableDiv: 'times-div-Open_Cart_Regression_Test_Suite'}
return data;
}
              </script>
              <span class="suite-total-time">Total running time: 42 seconds</span>
              <div id="times-div-Open_Cart_Regression_Test_Suite">
              </div> <!-- times-div-Open_Cart_Regression_Test_Suite -->
            </div> <!-- times-div -->
          </div> <!-- main-panel-content rounded-window-bottom -->
        </div> <!-- panel -->
        <div panel-name="reporter-Open_Cart_Regression_Test_Suite" class="panel">
          <div class="main-panel-header rounded-window-top">
            <span class="header-content">Reporter output for Open Cart Regression Test Suite</span>
          </div> <!-- main-panel-header rounded-window-top -->
          <div class="main-panel-content rounded-window-bottom">
          </div> <!-- main-panel-content rounded-window-bottom -->
        </div> <!-- panel -->
        <div panel-name="ignored-methods-Open_Cart_Regression_Test_Suite" class="panel">
          <div class="main-panel-header rounded-window-top">
            <span class="header-content">0 ignored methods</span>
          </div> <!-- main-panel-header rounded-window-top -->
          <div class="main-panel-content rounded-window-bottom">
          </div> <!-- main-panel-content rounded-window-bottom -->
        </div> <!-- panel -->
        <div panel-name="chronological-Open_Cart_Regression_Test_Suite" class="panel">
          <div class="main-panel-header rounded-window-top">
            <span class="header-content">Methods in chronological order</span>
          </div> <!-- main-panel-header rounded-window-top -->
          <div class="main-panel-content rounded-window-bottom">
            <div class="chronological-class">
              <div class="chronological-class-name">com.qa.opencart.test.HomePageTest</div> <!-- chronological-class-name -->
              <div class="configuration-test before">
                <span class="method-name">setup(edge)</span>
                <span class="method-start">0 ms</span>
              </div> <!-- configuration-test before -->
            </div> <!-- chronological-class -->
            <div class="chronological-class">
              <div class="chronological-class-name">com.qa.opencart.test.LoginPageTest</div> <!-- chronological-class-name -->
              <div class="configuration-test before">
                <span class="method-name">setup(edge)</span>
                <span class="method-start">0 ms</span>
              </div> <!-- configuration-test before -->
            </div> <!-- chronological-class -->
            <div class="chronological-class">
              <div class="chronological-class-name">com.qa.opencart.test.HomePageTest</div> <!-- chronological-class-name -->
              <div class="configuration-test before">
                <span class="method-name">setup(edge)</span>
                <span class="method-start">0 ms</span>
              </div> <!-- configuration-test before -->
            </div> <!-- chronological-class -->
            <div class="chronological-class">
              <div class="chronological-class-name">com.qa.opencart.test.LoginPageTest</div> <!-- chronological-class-name -->
              <div class="configuration-test before">
                <span class="method-name">setup(edge)</span>
                <span class="method-start">0 ms</span>
              </div> <!-- configuration-test before -->
            </div> <!-- chronological-class -->
            <div class="chronological-class">
              <div class="chronological-class-name">com.qa.opencart.test.HomePageTest</div> <!-- chronological-class-name -->
              <div class="test-method">
                <span class="method-name">verifyUrlTest</span>
                <span class="method-start">24050 ms</span>
              </div> <!-- test-method -->
              <div class="test-method">
                <span class="method-name">verifyUrlTest</span>
                <span class="method-start">24121 ms</span>
              </div> <!-- test-method -->
              <div class="configuration-method after">
                <span class="method-name">captureScreenshotOnFailure([TestResult name=verifyUrlTest status=SUCCESS method=HomePageTest.verifyUrlTest()[pri:0, instance:co...)</span>
                <span class="method-start">24369 ms</span>
              </div> <!-- configuration-method after -->
              <div class="configuration-method after">
                <span class="method-name">captureScreenshotOnFailure([TestResult name=verifyUrlTest status=SUCCESS method=HomePageTest.verifyUrlTest()[pri:0, instance:co...)</span>
                <span class="method-start">24371 ms</span>
              </div> <!-- configuration-method after -->
            </div> <!-- chronological-class -->
            <div class="chronological-class">
              <div class="chronological-class-name">com.qa.opencart.test.LoginPageTest</div> <!-- chronological-class-name -->
              <div class="test-method">
                <span class="method-name">loginPageNavigationTest</span>
                <span class="method-start">24381 ms</span>
              </div> <!-- test-method -->
            </div> <!-- chronological-class -->
            <div class="chronological-class">
              <div class="chronological-class-name">com.qa.opencart.test.HomePageTest</div> <!-- chronological-class-name -->
              <div class="test-method">
                <span class="method-name">verifyTitleTest</span>
                <span class="method-start">24411 ms</span>
              </div> <!-- test-method -->
              <div class="test-method">
                <span class="method-name">verifyTitleTest</span>
                <span class="method-start">24413 ms</span>
              </div> <!-- test-method -->
              <div class="configuration-method after">
                <span class="method-name">captureScreenshotOnFailure([TestResult name=verifyTitleTest status=SUCCESS method=HomePageTest.verifyTitleTest()[pri:1, instanc...)</span>
                <span class="method-start">24712 ms</span>
              </div> <!-- configuration-method after -->
              <div class="configuration-method after">
                <span class="method-name">captureScreenshotOnFailure([TestResult name=verifyTitleTest status=SUCCESS method=HomePageTest.verifyTitleTest()[pri:1, instanc...)</span>
                <span class="method-start">24712 ms</span>
              </div> <!-- configuration-method after -->
              <div class="test-method">
                <span class="method-name">verifySearchTest(Macbook)</span>
                <span class="method-start">24714 ms</span>
              </div> <!-- test-method -->
              <div class="test-method">
                <span class="method-name">verifySearchTest(Macbook)</span>
                <span class="method-start">24715 ms</span>
              </div> <!-- test-method -->
            </div> <!-- chronological-class -->
            <div class="chronological-class">
              <div class="chronological-class-name">com.qa.opencart.test.LoginPageTest</div> <!-- chronological-class-name -->
              <div class="configuration-method after">
                <span class="method-name">captureScreenshotOnFailure([TestResult name=loginPageNavigationTest status=SUCCESS method=LoginPageTest.loginPageNavigationTest...)</span>
                <span class="method-start">26333 ms</span>
              </div> <!-- configuration-method after -->
              <div class="test-method">
                <span class="method-name">isForgotPasswordLinkExist</span>
                <span class="method-start">26334 ms</span>
              </div> <!-- test-method -->
              <div class="configuration-method after">
                <span class="method-name">captureScreenshotOnFailure([TestResult name=isForgotPasswordLinkExist status=SUCCESS method=LoginPageTest.isForgotPasswordLinkE...)</span>
                <span class="method-start">26477 ms</span>
              </div> <!-- configuration-method after -->
              <div class="test-method">
                <img src="failed.png">
                </img>
                <span class="method-name">doLoginTest</span>
                <span class="method-start">26478 ms</span>
              </div> <!-- test-method -->
            </div> <!-- chronological-class -->
            <div class="chronological-class">
              <div class="chronological-class-name">com.qa.opencart.test.HomePageTest</div> <!-- chronological-class-name -->
              <div class="configuration-method after">
                <span class="method-name">captureScreenshotOnFailure([TestResult name=verifySearchTest status=SUCCESS method=HomePageTest.verifySearchTest(java.lang.Stri...)</span>
                <span class="method-start">26507 ms</span>
              </div> <!-- configuration-method after -->
              <div class="test-method">
                <span class="method-name">verifySearchTest(iMac)</span>
                <span class="method-start">26508 ms</span>
              </div> <!-- test-method -->
              <div class="configuration-method after">
                <span class="method-name">captureScreenshotOnFailure([TestResult name=verifySearchTest status=SUCCESS method=HomePageTest.verifySearchTest(java.lang.Stri...)</span>
                <span class="method-start">26721 ms</span>
              </div> <!-- configuration-method after -->
              <div class="test-method">
                <span class="method-name">verifySearchTest(iMac)</span>
                <span class="method-start">26722 ms</span>
              </div> <!-- test-method -->
              <div class="configuration-method after">
                <span class="method-name">captureScreenshotOnFailure([TestResult name=verifySearchTest status=SUCCESS method=HomePageTest.verifySearchTest(java.lang.Stri...)</span>
                <span class="method-start">27458 ms</span>
              </div> <!-- configuration-method after -->
              <div class="test-method">
                <span class="method-name">verifySearchTest(Samsung)</span>
                <span class="method-start">27461 ms</span>
              </div> <!-- test-method -->
              <div class="configuration-method after">
                <span class="method-name">captureScreenshotOnFailure([TestResult name=verifySearchTest status=SUCCESS method=HomePageTest.verifySearchTest(java.lang.Stri...)</span>
                <span class="method-start">27592 ms</span>
              </div> <!-- configuration-method after -->
              <div class="test-method">
                <span class="method-name">verifySearchTest(Samsung)</span>
                <span class="method-start">27593 ms</span>
              </div> <!-- test-method -->
            </div> <!-- chronological-class -->
            <div class="chronological-class">
              <div class="chronological-class-name">com.qa.opencart.test.LoginPageTest</div> <!-- chronological-class-name -->
              <div class="configuration-method after">
                <span class="method-name">captureScreenshotOnFailure([TestResult name=doLoginTest status=FAILURE method=LoginPageTest.doLoginTest()[pri:2, instance:com.q...)</span>
                <span class="method-start">27733 ms</span>
              </div> <!-- configuration-method after -->
              <div class="configuration-test after">
                <span class="method-name">teardown</span>
                <span class="method-start">29402 ms</span>
              </div> <!-- configuration-test after -->
            </div> <!-- chronological-class -->
            <div class="chronological-class">
              <div class="chronological-class-name">com.qa.opencart.test.HomePageTest</div> <!-- chronological-class-name -->
              <div class="configuration-method after">
                <span class="method-name">captureScreenshotOnFailure([TestResult name=verifySearchTest status=SUCCESS method=HomePageTest.verifySearchTest(java.lang.Stri...)</span>
                <span class="method-start">29411 ms</span>
              </div> <!-- configuration-method after -->
              <div class="configuration-test after">
                <span class="method-name">teardown</span>
                <span class="method-start">29412 ms</span>
              </div> <!-- configuration-test after -->
              <div class="configuration-method after">
                <span class="method-name">captureScreenshotOnFailure([TestResult name=verifySearchTest status=SUCCESS method=HomePageTest.verifySearchTest(java.lang.Stri...)</span>
                <span class="method-start">29463 ms</span>
              </div> <!-- configuration-method after -->
              <div class="configuration-test after">
                <span class="method-name">teardown</span>
                <span class="method-start">29464 ms</span>
              </div> <!-- configuration-test after -->
            </div> <!-- chronological-class -->
            <div class="chronological-class">
              <div class="chronological-class-name">com.qa.opencart.test.LoginPageTest</div> <!-- chronological-class-name -->
              <div class="test-method">
                <span class="method-name">loginPageNavigationTest</span>
                <span class="method-start">40139 ms</span>
              </div> <!-- test-method -->
              <div class="configuration-method after">
                <span class="method-name">captureScreenshotOnFailure([TestResult name=loginPageNavigationTest status=SUCCESS method=LoginPageTest.loginPageNavigationTest...)</span>
                <span class="method-start">41042 ms</span>
              </div> <!-- configuration-method after -->
              <div class="test-method">
                <span class="method-name">isForgotPasswordLinkExist</span>
                <span class="method-start">41051 ms</span>
              </div> <!-- test-method -->
              <div class="configuration-method after">
                <span class="method-name">captureScreenshotOnFailure([TestResult name=isForgotPasswordLinkExist status=SUCCESS method=LoginPageTest.isForgotPasswordLinkE...)</span>
                <span class="method-start">41109 ms</span>
              </div> <!-- configuration-method after -->
              <div class="test-method">
                <img src="failed.png">
                </img>
                <span class="method-name">doLoginTest</span>
                <span class="method-start">41110 ms</span>
              </div> <!-- test-method -->
              <div class="configuration-method after">
                <span class="method-name">captureScreenshotOnFailure([TestResult name=doLoginTest status=FAILURE method=LoginPageTest.doLoginTest()[pri:2, instance:com.q...)</span>
                <span class="method-start">42173 ms</span>
              </div> <!-- configuration-method after -->
              <div class="configuration-test after">
                <span class="method-name">teardown</span>
                <span class="method-start">42812 ms</span>
              </div> <!-- configuration-test after -->
          </div> <!-- main-panel-content rounded-window-bottom -->
        </div> <!-- panel -->
      </div> <!-- main-panel-root -->
    </div> <!-- wrapper -->
  </body>
<script type="text/javascript" src="testng-reports2.js"></script>
</html>
