<?xml version="1.0" encoding="UTF-8"?>
<testng-results ignored="0" total="16" passed="14" failed="2" skipped="0">
  <reporter-output>
  </reporter-output>
  <suite started-at="2025-10-02T13:50:15 PDT" name="Open Cart Regression Test Suite" finished-at="2025-10-02T13:50:58 PDT" duration-ms="42844">
    <groups>
    </groups>
    <test started-at="2025-10-02T13:50:15 PDT" name="Open cart Home page Test on firefox" finished-at="2025-10-02T13:50:44 PDT" duration-ms="29450">
      <class name="com.qa.opencart.test.LoginPageTest">
        <test-method is-config="true" signature="setup(java.lang.String)[pri:0, instance:com.qa.opencart.test.LoginPageTest@9e2ad91]" started-at="2025-10-02T13:50:15 PDT" name="setup" finished-at="2025-10-02T13:50:39 PDT" duration-ms="24379" status="PASS">
          <params>
            <param index="0">
              <value>
                <![CDATA[edge]]>
              </value>
            </param>
          </params>
          <reporter-output>
          </reporter-output>
        </test-method> <!-- setup -->
        <test-method signature="loginPageNavigationTest()[pri:0, instance:com.qa.opencart.test.LoginPageTest@9e2ad91]" started-at="2025-10-02T13:50:39 PDT" name="loginPageNavigationTest" finished-at="2025-10-02T13:50:41 PDT" duration-ms="1948" status="PASS">
          <reporter-output>
          </reporter-output>
        </test-method> <!-- loginPageNavigationTest -->
        <test-method is-config="true" signature="captureScreenshotOnFailure(org.testng.ITestResult)[pri:0, instance:com.qa.opencart.test.LoginPageTest@9e2ad91]" started-at="2025-10-02T13:50:41 PDT" name="captureScreenshotOnFailure" finished-at="2025-10-02T13:50:41 PDT" duration-ms="1" status="PASS">
          <params>
            <param index="0">
              <value>
                <![CDATA[[TestResult name=loginPageNavigationTest status=SUCCESS method=LoginPageTest.loginPageNavigationTest()[pri:0, instance:com.qa.opencart.test.LoginPageTest@9e2ad91] output={null}]]]>
              </value>
            </param>
          </params>
          <reporter-output>
          </reporter-output>
        </test-method> <!-- captureScreenshotOnFailure -->
        <test-method signature="isForgotPasswordLinkExist()[pri:1, instance:com.qa.opencart.test.LoginPageTest@9e2ad91]" started-at="2025-10-02T13:50:41 PDT" name="isForgotPasswordLinkExist" finished-at="2025-10-02T13:50:41 PDT" duration-ms="141" status="PASS">
          <reporter-output>
          </reporter-output>
        </test-method> <!-- isForgotPasswordLinkExist -->
        <test-method is-config="true" signature="captureScreenshotOnFailure(org.testng.ITestResult)[pri:0, instance:com.qa.opencart.test.LoginPageTest@9e2ad91]" started-at="2025-10-02T13:50:41 PDT" name="captureScreenshotOnFailure" finished-at="2025-10-02T13:50:41 PDT" duration-ms="0" status="PASS">
          <params>
            <param index="0">
              <value>
                <![CDATA[[TestResult name=isForgotPasswordLinkExist status=SUCCESS method=LoginPageTest.isForgotPasswordLinkExist()[pri:1, instance:com.qa.opencart.test.LoginPageTest@9e2ad91] output={null}]]]>
              </value>
            </param>
          </params>
          <reporter-output>
          </reporter-output>
        </test-method> <!-- captureScreenshotOnFailure -->
        <test-method signature="doLoginTest()[pri:2, instance:com.qa.opencart.test.LoginPageTest@9e2ad91]" started-at="2025-10-02T13:50:41 PDT" name="doLoginTest" finished-at="2025-10-02T13:50:43 PDT" duration-ms="1250" status="FAIL">
          <exception class="java.lang.AssertionError">
            <message>
              <![CDATA[expected [true] but found [false]]]>
            </message>
            <full-stacktrace>
              <![CDATA[java.lang.AssertionError: expected [true] but found [false]
at org.testng.Assert.fail(Assert.java:111)
at org.testng.Assert.failNotEquals(Assert.java:1578)
at org.testng.Assert.assertTrue(Assert.java:57)
at org.testng.Assert.assertTrue(Assert.java:67)
at com.qa.opencart.test.LoginPageTest.doLoginTest(LoginPageTest.java:35)
at java.base/jdk.internal.reflect.NativeMethodAccessorImpl.invoke0(Native Method)
at java.base/jdk.internal.reflect.NativeMethodAccessorImpl.invoke(NativeMethodAccessorImpl.java:62)
at java.base/jdk.internal.reflect.DelegatingMethodAccessorImpl.invoke(DelegatingMethodAccessorImpl.java:43)
at java.base/java.lang.reflect.Method.invoke(Method.java:566)
at org.testng.internal.invokers.MethodInvocationHelper.invokeMethod(MethodInvocationHelper.java:139)
at org.testng.internal.invokers.TestInvoker.invokeMethod(TestInvoker.java:664)
at org.testng.internal.invokers.TestInvoker.invokeTestMethod(TestInvoker.java:227)
at org.testng.internal.invokers.MethodRunner.runInSequence(MethodRunner.java:50)
at org.testng.internal.invokers.TestInvoker$MethodInvocationAgent.invoke(TestInvoker.java:957)
at org.testng.internal.invokers.TestInvoker.invokeTestMethods(TestInvoker.java:200)
at org.testng.internal.invokers.TestMethodWorker.invokeTestMethods(TestMethodWorker.java:148)
at org.testng.internal.invokers.TestMethodWorker.run(TestMethodWorker.java:128)
at java.base/java.util.ArrayList.forEach(ArrayList.java:1541)
at org.testng.TestRunner.privateRun(TestRunner.java:848)
at org.testng.TestRunner.run(TestRunner.java:621)
at org.testng.SuiteRunner.runTest(SuiteRunner.java:443)
at org.testng.SuiteRunner$SuiteWorker.run(SuiteRunner.java:481)
at org.testng.internal.thread.ThreadUtil.lambda$execute$0(ThreadUtil.java:58)
at java.base/java.util.concurrent.FutureTask.run(FutureTask.java:264)
at java.base/java.util.concurrent.ThreadPoolExecutor.runWorker(ThreadPoolExecutor.java:1128)
at java.base/java.util.concurrent.ThreadPoolExecutor$Worker.run(ThreadPoolExecutor.java:628)
at java.base/java.lang.Thread.run(Thread.java:834)
]]>
            </full-stacktrace>
          </exception> <!-- java.lang.AssertionError -->
          <reporter-output>
          </reporter-output>
        </test-method> <!-- doLoginTest -->
        <test-method is-config="true" signature="captureScreenshotOnFailure(org.testng.ITestResult)[pri:0, instance:com.qa.opencart.test.LoginPageTest@9e2ad91]" started-at="2025-10-02T13:50:43 PDT" name="captureScreenshotOnFailure" finished-at="2025-10-02T13:50:44 PDT" duration-ms="1666" status="PASS">
          <params>
            <param index="0">
              <value>
                <![CDATA[[TestResult name=doLoginTest status=FAILURE method=LoginPageTest.doLoginTest()[pri:2, instance:com.qa.opencart.test.LoginPageTest@9e2ad91] output={null}]]]>
              </value>
            </param>
          </params>
          <reporter-output>
          </reporter-output>
        </test-method> <!-- captureScreenshotOnFailure -->
        <test-method is-config="true" signature="teardown()[pri:0, instance:com.qa.opencart.test.LoginPageTest@9e2ad91]" started-at="2025-10-02T13:50:44 PDT" name="teardown" finished-at="2025-10-02T13:50:44 PDT" duration-ms="35" status="PASS">
          <reporter-output>
          </reporter-output>
        </test-method> <!-- teardown -->
      </class> <!-- com.qa.opencart.test.LoginPageTest -->
    </test> <!-- Open cart Home page Test on firefox -->
    <test started-at="2025-10-02T13:50:15 PDT" name="Open cart Home page Test on chrome" finished-at="2025-10-02T13:50:44 PDT" duration-ms="29499">
      <class name="com.qa.opencart.test.HomePageTest">
        <test-method is-config="true" signature="setup(java.lang.String)[pri:0, instance:com.qa.opencart.test.HomePageTest@285f38f6]" started-at="2025-10-02T13:50:15 PDT" name="setup" finished-at="2025-10-02T13:50:39 PDT" duration-ms="24119" status="PASS">
          <params>
            <param index="0">
              <value>
                <![CDATA[edge]]>
              </value>
            </param>
          </params>
          <reporter-output>
          </reporter-output>
        </test-method> <!-- setup -->
        <test-method signature="verifyUrlTest()[pri:0, instance:com.qa.opencart.test.HomePageTest@285f38f6]" started-at="2025-10-02T13:50:39 PDT" name="verifyUrlTest" finished-at="2025-10-02T13:50:39 PDT" duration-ms="83" status="PASS">
          <reporter-output>
          </reporter-output>
        </test-method> <!-- verifyUrlTest -->
        <test-method is-config="true" signature="captureScreenshotOnFailure(org.testng.ITestResult)[pri:0, instance:com.qa.opencart.test.HomePageTest@285f38f6]" started-at="2025-10-02T13:50:39 PDT" name="captureScreenshotOnFailure" finished-at="2025-10-02T13:50:39 PDT" duration-ms="1" status="PASS">
          <params>
            <param index="0">
              <value>
                <![CDATA[[TestResult name=verifyUrlTest status=SUCCESS method=HomePageTest.verifyUrlTest()[pri:0, instance:com.qa.opencart.test.HomePageTest@285f38f6] output={null}]]]>
              </value>
            </param>
          </params>
          <reporter-output>
          </reporter-output>
        </test-method> <!-- captureScreenshotOnFailure -->
        <test-method signature="verifyTitleTest()[pri:1, instance:com.qa.opencart.test.HomePageTest@285f38f6]" started-at="2025-10-02T13:50:39 PDT" name="verifyTitleTest" finished-at="2025-10-02T13:50:40 PDT" duration-ms="300" status="PASS">
          <reporter-output>
          </reporter-output>
        </test-method> <!-- verifyTitleTest -->
        <test-method is-config="true" signature="captureScreenshotOnFailure(org.testng.ITestResult)[pri:0, instance:com.qa.opencart.test.HomePageTest@285f38f6]" started-at="2025-10-02T13:50:40 PDT" name="captureScreenshotOnFailure" finished-at="2025-10-02T13:50:40 PDT" duration-ms="0" status="PASS">
          <params>
            <param index="0">
              <value>
                <![CDATA[[TestResult name=verifyTitleTest status=SUCCESS method=HomePageTest.verifyTitleTest()[pri:1, instance:com.qa.opencart.test.HomePageTest@285f38f6] output={null}]]]>
              </value>
            </param>
          </params>
          <reporter-output>
          </reporter-output>
        </test-method> <!-- captureScreenshotOnFailure -->
        <test-method signature="verifySearchTest(java.lang.String)[pri:2, instance:com.qa.opencart.test.HomePageTest@285f38f6]" started-at="2025-10-02T13:50:40 PDT" name="verifySearchTest" data-provider="getProductName" finished-at="2025-10-02T13:50:42 PDT" duration-ms="2005" status="PASS">
          <params>
            <param index="0">
              <value>
                <![CDATA[Macbook]]>
              </value>
            </param>
          </params>
          <reporter-output>
          </reporter-output>
        </test-method> <!-- verifySearchTest -->
        <test-method is-config="true" signature="captureScreenshotOnFailure(org.testng.ITestResult)[pri:0, instance:com.qa.opencart.test.HomePageTest@285f38f6]" started-at="2025-10-02T13:50:42 PDT" name="captureScreenshotOnFailure" finished-at="2025-10-02T13:50:42 PDT" duration-ms="0" status="PASS">
          <params>
            <param index="0">
              <value>
                <![CDATA[[TestResult name=verifySearchTest status=SUCCESS method=HomePageTest.verifySearchTest(java.lang.String)[pri:2, instance:com.qa.opencart.test.HomePageTest@285f38f6] output={null}]]]>
              </value>
            </param>
          </params>
          <reporter-output>
          </reporter-output>
        </test-method> <!-- captureScreenshotOnFailure -->
        <test-method signature="verifySearchTest(java.lang.String)[pri:2, instance:com.qa.opencart.test.HomePageTest@285f38f6]" started-at="2025-10-02T13:50:42 PDT" name="verifySearchTest" data-provider="getProductName" finished-at="2025-10-02T13:50:42 PDT" duration-ms="865" status="PASS">
          <params>
            <param index="0">
              <value>
                <![CDATA[iMac]]>
              </value>
            </param>
          </params>
          <reporter-output>
          </reporter-output>
        </test-method> <!-- verifySearchTest -->
        <test-method is-config="true" signature="captureScreenshotOnFailure(org.testng.ITestResult)[pri:0, instance:com.qa.opencart.test.HomePageTest@285f38f6]" started-at="2025-10-02T13:50:42 PDT" name="captureScreenshotOnFailure" finished-at="2025-10-02T13:50:42 PDT" duration-ms="0" status="PASS">
          <params>
            <param index="0">
              <value>
                <![CDATA[[TestResult name=verifySearchTest status=SUCCESS method=HomePageTest.verifySearchTest(java.lang.String)[pri:2, instance:com.qa.opencart.test.HomePageTest@285f38f6] output={null}]]]>
              </value>
            </param>
          </params>
          <reporter-output>
          </reporter-output>
        </test-method> <!-- captureScreenshotOnFailure -->
        <test-method signature="verifySearchTest(java.lang.String)[pri:2, instance:com.qa.opencart.test.HomePageTest@285f38f6]" started-at="2025-10-02T13:50:42 PDT" name="verifySearchTest" data-provider="getProductName" finished-at="2025-10-02T13:50:44 PDT" duration-ms="1869" status="PASS">
          <params>
            <param index="0">
              <value>
                <![CDATA[Samsung]]>
              </value>
            </param>
          </params>
          <reporter-output>
          </reporter-output>
        </test-method> <!-- verifySearchTest -->
        <test-method is-config="true" signature="captureScreenshotOnFailure(org.testng.ITestResult)[pri:0, instance:com.qa.opencart.test.HomePageTest@285f38f6]" started-at="2025-10-02T13:50:44 PDT" name="captureScreenshotOnFailure" finished-at="2025-10-02T13:50:44 PDT" duration-ms="0" status="PASS">
          <params>
            <param index="0">
              <value>
                <![CDATA[[TestResult name=verifySearchTest status=SUCCESS method=HomePageTest.verifySearchTest(java.lang.String)[pri:2, instance:com.qa.opencart.test.HomePageTest@285f38f6] output={null}]]]>
              </value>
            </param>
          </params>
          <reporter-output>
          </reporter-output>
        </test-method> <!-- captureScreenshotOnFailure -->
        <test-method is-config="true" signature="teardown()[pri:0, instance:com.qa.opencart.test.HomePageTest@285f38f6]" started-at="2025-10-02T13:50:44 PDT" name="teardown" finished-at="2025-10-02T13:50:44 PDT" duration-ms="22" status="PASS">
          <reporter-output>
          </reporter-output>
        </test-method> <!-- teardown -->
      </class> <!-- com.qa.opencart.test.HomePageTest -->
    </test> <!-- Open cart Home page Test on chrome -->
    <test started-at="2025-10-02T13:50:15 PDT" name="Open cart Home page Test on chromium" finished-at="2025-10-02T13:50:45 PDT" duration-ms="30599">
      <class name="com.qa.opencart.test.HomePageTest">
        <test-method is-config="true" signature="setup(java.lang.String)[pri:0, instance:com.qa.opencart.test.HomePageTest@79d06bbd]" started-at="2025-10-02T13:50:15 PDT" name="setup" finished-at="2025-10-02T13:50:39 PDT" duration-ms="23955" status="PASS">
          <params>
            <param index="0">
              <value>
                <![CDATA[edge]]>
              </value>
            </param>
          </params>
          <reporter-output>
          </reporter-output>
        </test-method> <!-- setup -->
        <test-method signature="verifyUrlTest()[pri:0, instance:com.qa.opencart.test.HomePageTest@79d06bbd]" started-at="2025-10-02T13:50:39 PDT" name="verifyUrlTest" finished-at="2025-10-02T13:50:39 PDT" duration-ms="154" status="PASS">
          <reporter-output>
          </reporter-output>
        </test-method> <!-- verifyUrlTest -->
        <test-method is-config="true" signature="captureScreenshotOnFailure(org.testng.ITestResult)[pri:0, instance:com.qa.opencart.test.HomePageTest@79d06bbd]" started-at="2025-10-02T13:50:39 PDT" name="captureScreenshotOnFailure" finished-at="2025-10-02T13:50:39 PDT" duration-ms="1" status="PASS">
          <params>
            <param index="0">
              <value>
                <![CDATA[[TestResult name=verifyUrlTest status=SUCCESS method=HomePageTest.verifyUrlTest()[pri:0, instance:com.qa.opencart.test.HomePageTest@79d06bbd] output={null}]]]>
              </value>
            </param>
          </params>
          <reporter-output>
          </reporter-output>
        </test-method> <!-- captureScreenshotOnFailure -->
        <test-method signature="verifyTitleTest()[pri:1, instance:com.qa.opencart.test.HomePageTest@79d06bbd]" started-at="2025-10-02T13:50:39 PDT" name="verifyTitleTest" finished-at="2025-10-02T13:50:40 PDT" duration-ms="298" status="PASS">
          <reporter-output>
          </reporter-output>
        </test-method> <!-- verifyTitleTest -->
        <test-method is-config="true" signature="captureScreenshotOnFailure(org.testng.ITestResult)[pri:0, instance:com.qa.opencart.test.HomePageTest@79d06bbd]" started-at="2025-10-02T13:50:40 PDT" name="captureScreenshotOnFailure" finished-at="2025-10-02T13:50:40 PDT" duration-ms="0" status="PASS">
          <params>
            <param index="0">
              <value>
                <![CDATA[[TestResult name=verifyTitleTest status=SUCCESS method=HomePageTest.verifyTitleTest()[pri:1, instance:com.qa.opencart.test.HomePageTest@79d06bbd] output={null}]]]>
              </value>
            </param>
          </params>
          <reporter-output>
          </reporter-output>
        </test-method> <!-- captureScreenshotOnFailure -->
        <test-method signature="verifySearchTest(java.lang.String)[pri:2, instance:com.qa.opencart.test.HomePageTest@79d06bbd]" started-at="2025-10-02T13:50:40 PDT" name="verifySearchTest" data-provider="getProductName" finished-at="2025-10-02T13:50:41 PDT" duration-ms="1792" status="PASS">
          <params>
            <param index="0">
              <value>
                <![CDATA[Macbook]]>
              </value>
            </param>
          </params>
          <reporter-output>
          </reporter-output>
        </test-method> <!-- verifySearchTest -->
        <test-method is-config="true" signature="captureScreenshotOnFailure(org.testng.ITestResult)[pri:0, instance:com.qa.opencart.test.HomePageTest@79d06bbd]" started-at="2025-10-02T13:50:41 PDT" name="captureScreenshotOnFailure" finished-at="2025-10-02T13:50:41 PDT" duration-ms="0" status="PASS">
          <params>
            <param index="0">
              <value>
                <![CDATA[[TestResult name=verifySearchTest status=SUCCESS method=HomePageTest.verifySearchTest(java.lang.String)[pri:2, instance:com.qa.opencart.test.HomePageTest@79d06bbd] output={null}]]]>
              </value>
            </param>
          </params>
          <reporter-output>
          </reporter-output>
        </test-method> <!-- captureScreenshotOnFailure -->
        <test-method signature="verifySearchTest(java.lang.String)[pri:2, instance:com.qa.opencart.test.HomePageTest@79d06bbd]" started-at="2025-10-02T13:50:41 PDT" name="verifySearchTest" data-provider="getProductName" finished-at="2025-10-02T13:50:42 PDT" duration-ms="948" status="PASS">
          <params>
            <param index="0">
              <value>
                <![CDATA[iMac]]>
              </value>
            </param>
          </params>
          <reporter-output>
          </reporter-output>
        </test-method> <!-- verifySearchTest -->
        <test-method is-config="true" signature="captureScreenshotOnFailure(org.testng.ITestResult)[pri:0, instance:com.qa.opencart.test.HomePageTest@79d06bbd]" started-at="2025-10-02T13:50:42 PDT" name="captureScreenshotOnFailure" finished-at="2025-10-02T13:50:42 PDT" duration-ms="0" status="PASS">
          <params>
            <param index="0">
              <value>
                <![CDATA[[TestResult name=verifySearchTest status=SUCCESS method=HomePageTest.verifySearchTest(java.lang.String)[pri:2, instance:com.qa.opencart.test.HomePageTest@79d06bbd] output={null}]]]>
              </value>
            </param>
          </params>
          <reporter-output>
          </reporter-output>
        </test-method> <!-- captureScreenshotOnFailure -->
        <test-method signature="verifySearchTest(java.lang.String)[pri:2, instance:com.qa.opencart.test.HomePageTest@79d06bbd]" started-at="2025-10-02T13:50:42 PDT" name="verifySearchTest" data-provider="getProductName" finished-at="2025-10-02T13:50:44 PDT" duration-ms="1949" status="PASS">
          <params>
            <param index="0">
              <value>
                <![CDATA[Samsung]]>
              </value>
            </param>
          </params>
          <reporter-output>
          </reporter-output>
        </test-method> <!-- verifySearchTest -->
        <test-method is-config="true" signature="captureScreenshotOnFailure(org.testng.ITestResult)[pri:0, instance:com.qa.opencart.test.HomePageTest@79d06bbd]" started-at="2025-10-02T13:50:44 PDT" name="captureScreenshotOnFailure" finished-at="2025-10-02T13:50:44 PDT" duration-ms="1" status="PASS">
          <params>
            <param index="0">
              <value>
                <![CDATA[[TestResult name=verifySearchTest status=SUCCESS method=HomePageTest.verifySearchTest(java.lang.String)[pri:2, instance:com.qa.opencart.test.HomePageTest@79d06bbd] output={null}]]]>
              </value>
            </param>
          </params>
          <reporter-output>
          </reporter-output>
        </test-method> <!-- captureScreenshotOnFailure -->
        <test-method is-config="true" signature="teardown()[pri:0, instance:com.qa.opencart.test.HomePageTest@79d06bbd]" started-at="2025-10-02T13:50:44 PDT" name="teardown" finished-at="2025-10-02T13:50:45 PDT" duration-ms="1172" status="PASS">
          <reporter-output>
          </reporter-output>
        </test-method> <!-- teardown -->
      </class> <!-- com.qa.opencart.test.HomePageTest -->
    </test> <!-- Open cart Home page Test on chromium -->
    <test started-at="2025-10-02T13:50:15 PDT" name="Open cart Home page Test on msedge" finished-at="2025-10-02T13:50:58 PDT" duration-ms="42844">
      <class name="com.qa.opencart.test.LoginPageTest">
        <test-method is-config="true" signature="setup(java.lang.String)[pri:0, instance:com.qa.opencart.test.LoginPageTest@7479b626]" started-at="2025-10-02T13:50:15 PDT" name="setup" finished-at="2025-10-02T13:50:55 PDT" duration-ms="40133" status="PASS">
          <params>
            <param index="0">
              <value>
                <![CDATA[edge]]>
              </value>
            </param>
          </params>
          <reporter-output>
          </reporter-output>
        </test-method> <!-- setup -->
        <test-method signature="loginPageNavigationTest()[pri:0, instance:com.qa.opencart.test.LoginPageTest@7479b626]" started-at="2025-10-02T13:50:55 PDT" name="loginPageNavigationTest" finished-at="2025-10-02T13:50:56 PDT" duration-ms="899" status="PASS">
          <reporter-output>
          </reporter-output>
        </test-method> <!-- loginPageNavigationTest -->
        <test-method is-config="true" signature="captureScreenshotOnFailure(org.testng.ITestResult)[pri:0, instance:com.qa.opencart.test.LoginPageTest@7479b626]" started-at="2025-10-02T13:50:56 PDT" name="captureScreenshotOnFailure" finished-at="2025-10-02T13:50:56 PDT" duration-ms="4" status="PASS">
          <params>
            <param index="0">
              <value>
                <![CDATA[[TestResult name=loginPageNavigationTest status=SUCCESS method=LoginPageTest.loginPageNavigationTest()[pri:0, instance:com.qa.opencart.test.LoginPageTest@7479b626] output={null}]]]>
              </value>
            </param>
          </params>
          <reporter-output>
          </reporter-output>
        </test-method> <!-- captureScreenshotOnFailure -->
        <test-method signature="isForgotPasswordLinkExist()[pri:1, instance:com.qa.opencart.test.LoginPageTest@7479b626]" started-at="2025-10-02T13:50:56 PDT" name="isForgotPasswordLinkExist" finished-at="2025-10-02T13:50:56 PDT" duration-ms="57" status="PASS">
          <reporter-output>
          </reporter-output>
        </test-method> <!-- isForgotPasswordLinkExist -->
        <test-method is-config="true" signature="captureScreenshotOnFailure(org.testng.ITestResult)[pri:0, instance:com.qa.opencart.test.LoginPageTest@7479b626]" started-at="2025-10-02T13:50:56 PDT" name="captureScreenshotOnFailure" finished-at="2025-10-02T13:50:56 PDT" duration-ms="0" status="PASS">
          <params>
            <param index="0">
              <value>
                <![CDATA[[TestResult name=isForgotPasswordLinkExist status=SUCCESS method=LoginPageTest.isForgotPasswordLinkExist()[pri:1, instance:com.qa.opencart.test.LoginPageTest@7479b626] output={null}]]]>
              </value>
            </param>
          </params>
          <reporter-output>
          </reporter-output>
        </test-method> <!-- captureScreenshotOnFailure -->
        <test-method signature="doLoginTest()[pri:2, instance:com.qa.opencart.test.LoginPageTest@7479b626]" started-at="2025-10-02T13:50:56 PDT" name="doLoginTest" finished-at="2025-10-02T13:50:57 PDT" duration-ms="1043" status="FAIL">
          <exception class="java.lang.AssertionError">
            <message>
              <![CDATA[expected [true] but found [false]]]>
            </message>
            <full-stacktrace>
              <![CDATA[java.lang.AssertionError: expected [true] but found [false]
at org.testng.Assert.fail(Assert.java:111)
at org.testng.Assert.failNotEquals(Assert.java:1578)
at org.testng.Assert.assertTrue(Assert.java:57)
at org.testng.Assert.assertTrue(Assert.java:67)
at com.qa.opencart.test.LoginPageTest.doLoginTest(LoginPageTest.java:35)
at java.base/jdk.internal.reflect.NativeMethodAccessorImpl.invoke0(Native Method)
at java.base/jdk.internal.reflect.NativeMethodAccessorImpl.invoke(NativeMethodAccessorImpl.java:62)
at java.base/jdk.internal.reflect.DelegatingMethodAccessorImpl.invoke(DelegatingMethodAccessorImpl.java:43)
at java.base/java.lang.reflect.Method.invoke(Method.java:566)
at org.testng.internal.invokers.MethodInvocationHelper.invokeMethod(MethodInvocationHelper.java:139)
at org.testng.internal.invokers.TestInvoker.invokeMethod(TestInvoker.java:664)
at org.testng.internal.invokers.TestInvoker.invokeTestMethod(TestInvoker.java:227)
at org.testng.internal.invokers.MethodRunner.runInSequence(MethodRunner.java:50)
at org.testng.internal.invokers.TestInvoker$MethodInvocationAgent.invoke(TestInvoker.java:957)
at org.testng.internal.invokers.TestInvoker.invokeTestMethods(TestInvoker.java:200)
at org.testng.internal.invokers.TestMethodWorker.invokeTestMethods(TestMethodWorker.java:148)
at org.testng.internal.invokers.TestMethodWorker.run(TestMethodWorker.java:128)
at java.base/java.util.ArrayList.forEach(ArrayList.java:1541)
at org.testng.TestRunner.privateRun(TestRunner.java:848)
at org.testng.TestRunner.run(TestRunner.java:621)
at org.testng.SuiteRunner.runTest(SuiteRunner.java:443)
at org.testng.SuiteRunner$SuiteWorker.run(SuiteRunner.java:481)
at org.testng.internal.thread.ThreadUtil.lambda$execute$0(ThreadUtil.java:58)
at java.base/java.util.concurrent.FutureTask.run(FutureTask.java:264)
at java.base/java.util.concurrent.ThreadPoolExecutor.runWorker(ThreadPoolExecutor.java:1128)
at java.base/java.util.concurrent.ThreadPoolExecutor$Worker.run(ThreadPoolExecutor.java:628)
at java.base/java.lang.Thread.run(Thread.java:834)
]]>
            </full-stacktrace>
          </exception> <!-- java.lang.AssertionError -->
          <reporter-output>
          </reporter-output>
        </test-method> <!-- doLoginTest -->
        <test-method is-config="true" signature="captureScreenshotOnFailure(org.testng.ITestResult)[pri:0, instance:com.qa.opencart.test.LoginPageTest@7479b626]" started-at="2025-10-02T13:50:57 PDT" name="captureScreenshotOnFailure" finished-at="2025-10-02T13:50:58 PDT" duration-ms="638" status="PASS">
          <params>
            <param index="0">
              <value>
                <![CDATA[[TestResult name=doLoginTest status=FAILURE method=LoginPageTest.doLoginTest()[pri:2, instance:com.qa.opencart.test.LoginPageTest@7479b626] output={null}]]]>
              </value>
            </param>
          </params>
          <reporter-output>
          </reporter-output>
        </test-method> <!-- captureScreenshotOnFailure -->
        <test-method is-config="true" signature="teardown()[pri:0, instance:com.qa.opencart.test.LoginPageTest@7479b626]" started-at="2025-10-02T13:50:58 PDT" name="teardown" finished-at="2025-10-02T13:50:58 PDT" duration-ms="18" status="PASS">
          <reporter-output>
          </reporter-output>
        </test-method> <!-- teardown -->
      </class> <!-- com.qa.opencart.test.LoginPageTest -->
    </test> <!-- Open cart Home page Test on msedge -->
  </suite> <!-- Open Cart Regression Test Suite -->
</testng-results>
