<?xml version="1.0" encoding="UTF-8"?>
<!-- Generated by org.testng.reporters.JUnitXMLReporter -->
<testsuite ignored="0" hostname="Aishwaryas-MacBook-Pro.local" failures="1" tests="3" name="Open cart Home page Test on firefox" time="29.45" errors="0" timestamp="2025-10-02T13:50:44 PDT">
  <testcase classname="com.qa.opencart.test.LoginPageTest" name="loginPageNavigationTest" time="1.948"/>
  <testcase classname="com.qa.opencart.test.LoginPageTest" name="isForgotPasswordLinkExist" time="0.141"/>
  <testcase classname="com.qa.opencart.test.LoginPageTest" name="doLoginTest" time="1.25">
    <failure type="java.lang.AssertionError" message="expected [true] but found [false]">
      <![CDATA[java.lang.AssertionError: expected [true] but found [false]
at com.qa.opencart.test.LoginPageTest.doLoginTest(LoginPageTest.java:35)
at java.base/java.util.ArrayList.forEach(ArrayList.java:1541)
at java.base/java.util.concurrent.FutureTask.run(FutureTask.java:264)
at java.base/java.util.concurrent.ThreadPoolExecutor.runWorker(ThreadPoolExecutor.java:1128)
at java.base/java.util.concurrent.ThreadPoolExecutor$Worker.run(ThreadPoolExecutor.java:628)
at java.base/java.lang.Thread.run(Thread.java:834)
... Removed 21 stack frames]]>
    </failure>
  </testcase> <!-- doLoginTest -->
</testsuite> <!-- Open cart Home page Test on firefox -->
