<?xml version="1.0" encoding="UTF-8"?>
<!-- Generated by org.testng.reporters.JUnitXMLReporter -->
<testsuite ignored="2" hostname="Aishwaryas-MacBook-Pro.local" failures="1" tests="8" name="Open cart Home page Test" time="21.652" errors="0" timestamp="2025-10-02T13:08:54 PDT">
  <testcase classname="com.qa.opencart.test.BaseTest" name="@AfterMethod captureScreenshotOnFailure" time="0.0">
    <failure type="java.lang.NullPointerException">
      <![CDATA[java.lang.NullPointerException
at com.qa.opencart.test.BaseTest.captureScreenshotOnFailure(BaseTest.java:35)
at java.base/java.util.ArrayList.forEach(ArrayList.java:1541)
... Removed 36 stack frames]]>
    </failure>
  </testcase> <!-- @AfterMethod captureScreenshotOnFailure -->
  <testcase classname="com.qa.opencart.test.BaseTest" name="@AfterMethod captureScreenshotOnFailure" time="0.0">
    <skipped/>
  </testcase> <!-- @AfterMethod captureScreenshotOnFailure -->
  <testcase classname="com.qa.opencart.test.BaseTest" name="@AfterMethod captureScreenshotOnFailure" time="0.0">
    <skipped/>
  </testcase> <!-- @AfterMethod captureScreenshotOnFailure -->
  <testcase classname="com.qa.opencart.test.HomePageTest" name="verifyUrlTest" time="0.507"/>
  <testcase classname="com.qa.opencart.test.HomePageTest" name="verifyTitleTest" time="0.12"/>
  <testcase classname="com.qa.opencart.test.HomePageTest" name="verifySearchTest" time="1.392"/>
  <testcase classname="com.qa.opencart.test.HomePageTest" name="verifySearchTest" time="1.105"/>
  <testcase classname="com.qa.opencart.test.HomePageTest" name="verifySearchTest" time="0.855"/>
  <testcase classname="com.qa.opencart.test.LoginPageTest" name="loginPageNavigationTest" time="0.002">
    <failure type="java.lang.NullPointerException">
      <![CDATA[java.lang.NullPointerException
at com.qa.opencart.test.LoginPageTest.loginPageNavigationTest(LoginPageTest.java:16)
at java.base/java.util.ArrayList.forEach(ArrayList.java:1541)
... Removed 31 stack frames]]>
    </failure>
  </testcase> <!-- loginPageNavigationTest -->
  <testcase classname="com.qa.opencart.test.LoginPageTest" name="isForgotPasswordLinkExist" time="0.0">
    <skipped/>
  </testcase> <!-- isForgotPasswordLinkExist -->
  <testcase classname="com.qa.opencart.test.LoginPageTest" name="doLoginTest" time="0.0">
    <skipped/>
  </testcase> <!-- doLoginTest -->
  <testcase classname="com.qa.opencart.test.BaseTest" name="@AfterTest teardown" time="0.0">
    <ignored/>
  </testcase> <!-- @AfterTest teardown -->
  <testcase classname="com.qa.opencart.test.BaseTest" name="@BeforeTest setup" time="0.0">
    <ignored/>
  </testcase> <!-- @BeforeTest setup -->
</testsuite> <!-- Open cart Home page Test -->
